Name:                                                     scaletestapp-hpa
Namespace:                                                default
Labels:                                                   <none>
Annotations:                                              <none>
CreationTimestamp:                                        Sat, 11 Oct 2025 01:35:11 +0300
Reference:                                                Deployment/scaletestapp
Metrics:                                                  ( current / target )
  resource memory on pods  (as a percentage of request):  63% (13241002666m) / 80%
Min replicas:                                             1
Max replicas:                                             10
Behavior:
  Scale Up:
    Stabilization Window: 0 seconds
    Select Policy: Max
    Policies:
      - Type: Percent  Value: 100  Period: 30 seconds
      - Type: Pods     Value: 2    Period: 30 seconds
  Scale Down:
    Stabilization Window: 60 seconds
    Select Policy: Max
    Policies:
      - Type: Percent  Value: 50  Period: 60 seconds
Deployment pods:       3 current / 3 desired
Conditions:
  Type            Status  Reason              Message
  ----            ------  ------              -------
  AbleToScale     True    ReadyForNewScale    recommended size matches current size
  ScalingActive   True    ValidMetricFound    the HPA was able to successfully calculate a replica count from memory resource utilization (percentage of request)
  ScalingLimited  False   DesiredWithinRange  the desired count is within the acceptable range
Events:
  Type    Reason             Age                    From                       Message
  ----    ------             ----                   ----                       -------
  Normal  SuccessfulRescale  8m11s (x2 over 4h14m)  horizontal-pod-autoscaler  New size: 2; reason: memory resource utilization (percentage of request) above target
  Normal  SuccessfulRescale  4m56s                  horizontal-pod-autoscaler  New size: 3; reason: memory resource utilization (percentage of request) above target
